<?xml version="1.0" encoding="UTF-8"?>
<!-- Generated by org.testng.reporters.JUnitXMLReporter -->
<testsuite hostname="PUGWSGH716S1VJ" ignored="0" name="TestNGfEATURES" tests="7" failures="1" timestamp="31 May 2019 12:52:57 GMT" time="149.393" errors="0">
  <testcase name="loginPageTitleTest" time="0.012" classname="com.TestProject.qa.testcases.LoginPageTest"/>
  <testcase name="validateHomePageTitleTest" time="0.007" classname="com.TestProject.qa.testcases.HomePageTest"/>
  <testcase name="loginTest" time="9.974" classname="com.TestProject.qa.testcases.LoginPageTest"/>
  <testcase name="verifyusernameTest" time="0.238" classname="com.TestProject.qa.testcases.HomePageTest">
    <failure type="java.lang.AssertionError" message="Home Page UserName not matched expected [LRUS0001] but found []">
      <![CDATA[java.lang.AssertionError: Home Page UserName not matched expected [LRUS0001] but found []at com.TestProject.qa.pages.HomePage.verifyusername(HomePage.java:51)at com.TestProject.qa.testcases.HomePageTest.verifyusernameTest(HomePageTest.java:48)... Removed 30 stack frames]]>
    </failure>
  </testcase> <!-- verifyusernameTest -->
  <testcase name="captureprojectnumberTest" time="1.985" classname="com.TestProject.qa.testcases.HomePageTest"/>
  <testcase name="selectDropDownValuesTest" time="19.893" classname="com.TestProject.qa.testcases.HomePageTest"/>
  <testcase name="navigatetoprojectPageTest" time="15.343" classname="com.TestProject.qa.testcases.HomePageTest"/>
</testsuite> <!-- TestNGfEATURES -->
